#
# A fatal error has been detected by the Java Runtime Environment:
#
#  EXCEPTION_ACCESS_VIOLATION (0xc0000005) at pc=0x000000005bafcb39, pid=15948, tid=0x00000000000036a4
#
# JRE version: Java(TM) SE Runtime Environment (8.0_191-b12) (build 1.8.0_191-b12)
# Java VM: Java HotSpot(TM) 64-Bit Server VM (25.191-b12 mixed mode windows-amd64 compressed oops)
# Problematic frame:
# V  [jvm.dll+0xbcb39]
#
# Failed to write core dump. Minidumps are not enabled by default on client versions of Windows
#
# If you would like to submit a bug report, please visit:
#   http://bugreport.java.com/bugreport/crash.jsp
#

---------------  T H R E A D  ---------------

Current thread (0x0000000002f8d000):  JavaThread "main" [_thread_in_vm, id=13988, stack(0x0000000002f90000,0x0000000003090000)]

siginfo: ExceptionCode=0xc0000005, reading address 0x0000000000000000

Registers:
RAX=0x0000000000000000, RBX=0x0000000002f8d000, RCX=0x000000001f092b10, RDX=0x0000000000000004
RSP=0x000000000308f6a0, RBP=0x000000000308f738, RSI=0x000000001c5fe418, RDI=0x0000000000000000
R8 =0x000000001f092b28, R9 =0x0000000000000004, R10=0x0000000002f87a00, R11=0x0000000000000000
R12=0x0000000000000000, R13=0x000000001c5fff1d, R14=0x000000000308f810, R15=0x0000000002f8d000
RIP=0x000000005bafcb39, EFLAGS=0x0000000000010246

Top of Stack: (sp=0x000000000308f6a0)
0x000000000308f6a0:   000000000308f738 0000000000000090
0x000000000308f6b0:   0000000000000000 0000000002f8d000
0x000000000308f6c0:   0000000000000090 00000000033b6495
0x000000000308f6d0:   0000000002f8d000 00000000000000bb
0x000000000308f6e0:   0000000000000000 0000000000000005
0x000000000308f6f0:   00000000033b644f 000000000308f6f8
0x000000000308f700:   000000001c5fff1d 000000000308f810
0x000000000308f710:   000000001c6007e0 0000000000000000
0x000000000308f720:   000000001c600260 0000000000000000
0x000000000308f730:   000000000308f810 000000000308f8f0
0x000000000308f740:   00000000033808da 0000000000000000
0x000000000308f750:   0000000000000000 0000000000000000
0x000000000308f760:   0000000000000000 0000000000000000
0x000000000308f770:   0000000000000000 0000000000000000
0x000000000308f780:   0000000000000000 0000000000000000
0x000000000308f790:   0000000000000000 0000000000000000 

Instructions: (pc=0x000000005bafcb39)
0x000000005bafcb19:   81 70 02 00 00 06 00 00 00 4c 8b c1 8b d0 49 8b
0x000000005bafcb29:   c9 e8 81 fd ff ff 48 83 7b 08 00 48 8b f8 75 44
0x000000005bafcb39:   48 8b 00 4c 8b c3 b2 01 48 8b cf ff 50 78 48 83
0x000000005bafcb49:   7b 08 00 75 2f 48 8b 07 48 8b d3 48 8b cf ff 90 


Register to memory mapping:

RAX=0x0000000000000000 is an unknown value
RBX=0x0000000002f8d000 is a thread
RCX=0x000000001f092b10 is an unknown value
RDX=0x0000000000000004 is an unknown value
RSP=0x000000000308f6a0 is pointing into the stack for thread: 0x0000000002f8d000
RBP=0x000000000308f738 is pointing into the stack for thread: 0x0000000002f8d000
RSI=0x000000001c5fe418 is pointing into metadata
RDI=0x0000000000000000 is an unknown value
R8 =0x000000001f092b28 is an unknown value
R9 =0x0000000000000004 is an unknown value
R10=0x0000000002f87a00 is an unknown value
R11=0x0000000000000000 is an unknown value
R12=0x0000000000000000 is an unknown value
R13=0x000000001c5fff1d is pointing into metadata
R14=0x000000000308f810 is pointing into the stack for thread: 0x0000000002f8d000
R15=0x0000000002f8d000 is a thread


Stack: [0x0000000002f90000,0x0000000003090000],  sp=0x000000000308f6a0,  free space=1021k
Native frames: (J=compiled Java code, j=interpreted, Vv=VM code, C=native code)
V